<!DOCTYPE html PUBLIC "-//W3C//DTD XHTML 1.1//EN" "http://www.w3.org/TR/xhtml11/DTD/xhtml11.dtd">
<html xmlns="http://www.w3.org/1999/xhtml"><head><title>TestNG Report</title><style type="text/css">table {margin-bottom:10px;border-collapse:collapse;empty-cells:show}th,td {border:1px solid #009;padding:.25em .5em}th {vertical-align:bottom}td {vertical-align:top}table a {font-weight:bold}.stripe td {background-color: #E6EBF9}.num {text-align:right}.passedodd td {background-color: #3F3}.passedeven td {background-color: #0A0}.skippedodd td {background-color: #DDD}.skippedeven td {background-color: #CCC}.failedodd td,.attn {background-color: #F33}.failedeven td,.stripe .attn {background-color: #D00}.stacktrace {white-space:pre;font-family:monospace}.totop {font-size:85%;text-align:center;border-bottom:2px solid #000}</style></head><body><table><tr><th>Test</th><th># Passed</th><th># Skipped</th><th># Failed</th><th>Time (ms)</th><th>Included Groups</th><th>Excluded Groups</th></tr><tr><th colspan="7">Security_Suite</th></tr><tr><td><a href="#t0">Test</a></td><td class="num">2</td><td class="num">0</td><td class="num attn">2</td><td class="num">505,776</td><td></td><td></td></tr></table><table><thead><tr><th>Class</th><th>Method</th><th>Start</th><th>Time (ms)</th></tr></thead><tbody><tr><th colspan="4">Security_Suite</th></tr></tbody><tbody id="t0"><tr><th colspan="4">Test &#8212; failed</th></tr><tr class="failedeven"><td rowspan="1">com.bridge.security.AfterLogOutTest</td><td><a href="#m0">AfterLogOut</a></td><td rowspan="1">1492514621286</td><td rowspan="1">35745</td></tr><tr class="failedodd"><td rowspan="1">com.bridge.security.PasswordReflectionTest</td><td><a href="#m1">passwordReflectionTest</a></td><td rowspan="1">1492514319679</td><td rowspan="1">110636</td></tr><tr><th colspan="4">Test &#8212; passed</th></tr><tr class="passedeven"><td rowspan="1">com.bridge.security.PasswordRulesTest</td><td><a href="#m2">passwordRuleTest</a></td><td rowspan="1">1492514469942</td><td rowspan="1">111254</td></tr><tr class="passedodd"><td rowspan="1">com.bridge.security.UserLockOutTest</td><td><a href="#m3">userLockOutTest</a></td><td rowspan="1">1492514290047</td><td rowspan="1">29563</td></tr></tbody></table><h2>Test</h2><h3 id="m0">com.bridge.security.AfterLogOutTest#AfterLogOut</h3><table class="result"><tr class="param"><th>Parameter #1</th><th>Parameter #2</th><th>Parameter #3</th></tr><tr class="param stripe"><td>http://10.162.106.174/TransSpec2016010414/</td><td>superuser</td><td>123</td></tr><tr><th colspan="3">Exception</th></tr><tr><td colspan="3"><div class="stacktrace">java.lang.AssertionError: 

The Below URL is not redirecting to login page:
http://10.162.106.174/TransSpec2016010414/capribedside/transfusions/CollectVitals.aspx?ProcessType=StartTransfusion

 expected [http://10.162.106.174/TransSpec2016010414/CapriBedside/Login.aspx] but found [http://10.162.106.174/TransSpec2016010414/capribedside/transfusions/CollectVitals.aspx?ProcessType=StartTransfusion]
	at com.bridge.security.AfterLogOutTest.AfterLogOut(AfterLogOutTest.java:78)
... Removed 28 stack frames</div></td></tr></table><p class="totop"><a href="#summary">back to summary</a></p><h3 id="m1">com.bridge.security.PasswordReflectionTest#passwordReflectionTest</h3><table class="result"><tr><th>Exception</th></tr><tr><td><div class="stacktrace">org.openqa.selenium.NoSuchElementException: Unable to find element with id == errorsLabel (WARNING: The server did not provide any stacktrace information)
Command duration or timeout: 367 milliseconds
For documentation on this error, please visit: http://seleniumhq.org/exceptions/no_such_element.html
Build info: version: &apos;2.53.0&apos;, revision: &apos;35ae25b&apos;, time: &apos;2016-03-15 17:00:58&apos;
System info: host: &apos;WIN7DX64-02644&apos;, ip: &apos;10.171.200.118&apos;, os.name: &apos;Windows 7&apos;, os.arch: &apos;amd64&apos;, os.version: &apos;6.1&apos;, java.version: &apos;1.8.0_101&apos;
Driver info: org.openqa.selenium.ie.InternetExplorerDriver
Capabilities [{browserAttachTimeout=0, ie.enableFullPageScreenshot=true, enablePersistentHover=true, ie.forceCreateProcessApi=false, ie.forceShellWindowsApi=false, pageLoadStrategy=normal, ignoreZoomSetting=false, ie.fileUploadDialogTimeout=3000, version=11, platform=WINDOWS, proxy={proxyType=}, nativeEvents=true, ie.ensureCleanSession=false, elementScrollBehavior=0, ie.browserCommandLineSwitches=, requireWindowFocus=false, browserName=internet explorer, initialBrowserUrl=http://localhost:42738/, javascriptEnabled=true, ignoreProtectedModeSettings=false, enableElementCacheCleanup=true, unexpectedAlertBehaviour=dismiss}]
Session ID: 84b96748-9b93-4722-aaf2-562161f812c7
*** Element info: {Using=id, value=errorsLabel}
	at org.openqa.selenium.remote.ErrorHandler.createThrowable(ErrorHandler.java:206)
	at org.openqa.selenium.remote.ErrorHandler.throwIfResponseFailed(ErrorHandler.java:158)
	at org.openqa.selenium.remote.RemoteWebDriver.execute(RemoteWebDriver.java:678)
	at org.openqa.selenium.remote.RemoteWebDriver.findElement(RemoteWebDriver.java:363)
	at org.openqa.selenium.remote.RemoteWebDriver.findElementById(RemoteWebDriver.java:413)
	at org.openqa.selenium.By$ById.findElement(By.java:218)
	at org.openqa.selenium.remote.RemoteWebDriver.findElement(RemoteWebDriver.java:355)
	at com.pageObjects.CapribedsideLoginPage.errMsgNoPrivilegeToAccessBridgeMedical(CapribedsideLoginPage.java:41)
	at com.bridge.security.PasswordReflectionTest.passwordReflectionTest(PasswordReflectionTest.java:106)
... Removed 28 stack frames</div></td></tr></table><p class="totop"><a href="#summary">back to summary</a></p><h3 id="m2">com.bridge.security.PasswordRulesTest#passwordRuleTest</h3><table class="result"></table><p class="totop"><a href="#summary">back to summary</a></p><h3 id="m3">com.bridge.security.UserLockOutTest#userLockOutTest</h3><table class="result"></table><p class="totop"><a href="#summary">back to summary</a></p></body></html>