<?xml version="1.0" encoding="UTF-8"?>
<testng-results skipped="0" failed="2" total="4" passed="2">
  <reporter-output>
  </reporter-output>
  <suite name="Security_Suite" duration-ms="505776" started-at="2017-04-18T11:16:19Z" finished-at="2017-04-18T11:24:44Z">
    <groups>
    </groups>
    <test name="Test" duration-ms="505776" started-at="2017-04-18T11:16:19Z" finished-at="2017-04-18T11:24:44Z">
      <class name="com.bridge.security.PasswordRulesTest">
        <test-method status="PASS" signature="beforeMethod()[pri:0, instance:com.bridge.security.PasswordRulesTest@13805618]" name="beforeMethod" is-config="true" duration-ms="39592" started-at="2017-04-18T16:50:30Z" finished-at="2017-04-18T16:51:09Z">
          <reporter-output>
          </reporter-output>
        </test-method> <!-- beforeMethod -->
        <test-method status="PASS" signature="passwordRuleTest()[pri:0, instance:com.bridge.security.PasswordRulesTest@13805618]" name="passwordRuleTest" duration-ms="111254" started-at="2017-04-18T16:51:09Z" finished-at="2017-04-18T16:53:01Z">
          <reporter-output>
          </reporter-output>
        </test-method> <!-- passwordRuleTest -->
        <test-method status="PASS" signature="afterMethod()[pri:0, instance:com.bridge.security.PasswordRulesTest@13805618]" name="afterMethod" is-config="true" duration-ms="40086" started-at="2017-04-18T16:53:01Z" finished-at="2017-04-18T16:53:41Z">
          <reporter-output>
          </reporter-output>
        </test-method> <!-- afterMethod -->
      </class> <!-- com.bridge.security.PasswordRulesTest -->
      <class name="com.bridge.security.AfterLogOutTest">
        <test-method status="FAIL" signature="AfterLogOut(java.lang.String, java.lang.String, java.lang.String)[pri:0, instance:com.bridge.security.AfterLogOutTest@56ef9176]" name="AfterLogOut" duration-ms="35745" started-at="2017-04-18T16:53:41Z" finished-at="2017-04-18T16:54:17Z">
          <params>
            <param index="0">
              <value>
                <![CDATA[http://10.162.106.174/TransSpec2016010414/]]>
              </value>
            </param>
            <param index="1">
              <value>
                <![CDATA[superuser]]>
              </value>
            </param>
            <param index="2">
              <value>
                <![CDATA[123]]>
              </value>
            </param>
          </params>
          <exception class="java.lang.AssertionError">
            <message>
              <![CDATA[

The Below URL is not redirecting to login page:
http://10.162.106.174/TransSpec2016010414/capribedside/transfusions/CollectVitals.aspx?ProcessType=StartTransfusion

 expected [http://10.162.106.174/TransSpec2016010414/CapriBedside/Login.aspx] but found [http://10.162.106.174/TransSpec2016010414/capribedside/transfusions/CollectVitals.aspx?ProcessType=StartTransfusion]]]>
            </message>
            <full-stacktrace>
              <![CDATA[java.lang.AssertionError: 

The Below URL is not redirecting to login page:
http://10.162.106.174/TransSpec2016010414/capribedside/transfusions/CollectVitals.aspx?ProcessType=StartTransfusion

 expected [http://10.162.106.174/TransSpec2016010414/CapriBedside/Login.aspx] but found [http://10.162.106.174/TransSpec2016010414/capribedside/transfusions/CollectVitals.aspx?ProcessType=StartTransfusion]
	at org.testng.Assert.fail(Assert.java:94)
	at org.testng.Assert.failNotEquals(Assert.java:496)
	at org.testng.Assert.assertEquals(Assert.java:125)
	at org.testng.Assert.assertEquals(Assert.java:178)
	at com.bridge.security.AfterLogOutTest.AfterLogOut(AfterLogOutTest.java:78)
	at sun.reflect.NativeMethodAccessorImpl.invoke0(Native Method)
	at sun.reflect.NativeMethodAccessorImpl.invoke(Unknown Source)
	at sun.reflect.DelegatingMethodAccessorImpl.invoke(Unknown Source)
	at java.lang.reflect.Method.invoke(Unknown Source)
	at org.testng.internal.MethodInvocationHelper.invokeMethod(MethodInvocationHelper.java:85)
	at org.testng.internal.Invoker.invokeMethod(Invoker.java:639)
	at org.testng.internal.Invoker.invokeTestMethod(Invoker.java:816)
	at org.testng.internal.Invoker.invokeTestMethods(Invoker.java:1124)
	at org.testng.internal.TestMethodWorker.invokeTestMethods(TestMethodWorker.java:125)
	at org.testng.internal.TestMethodWorker.run(TestMethodWorker.java:108)
	at org.testng.TestRunner.privateRun(TestRunner.java:774)
	at org.testng.TestRunner.run(TestRunner.java:624)
	at org.testng.SuiteRunner.runTest(SuiteRunner.java:359)
	at org.testng.SuiteRunner.runSequentially(SuiteRunner.java:354)
	at org.testng.SuiteRunner.privateRun(SuiteRunner.java:312)
	at org.testng.SuiteRunner.run(SuiteRunner.java:261)
	at org.testng.SuiteRunnerWorker.runSuite(SuiteRunnerWorker.java:52)
	at org.testng.SuiteRunnerWorker.run(SuiteRunnerWorker.java:86)
	at org.testng.TestNG.runSuitesSequentially(TestNG.java:1215)
	at org.testng.TestNG.runSuitesLocally(TestNG.java:1140)
	at org.testng.TestNG.run(TestNG.java:1048)
	at org.testng.remote.AbstractRemoteTestNG.run(AbstractRemoteTestNG.java:132)
	at org.testng.remote.RemoteTestNG.initAndRun(RemoteTestNG.java:236)
	at org.testng.remote.RemoteTestNG.main(RemoteTestNG.java:81)
]]>
            </full-stacktrace>
          </exception> <!-- java.lang.AssertionError -->
          <reporter-output>
          </reporter-output>
        </test-method> <!-- AfterLogOut -->
      </class> <!-- com.bridge.security.AfterLogOutTest -->
      <class name="com.bridge.security.UserLockOutTest">
        <test-method status="PASS" signature="userLockOutTest()[pri:0, instance:com.bridge.security.UserLockOutTest@5cb9f472]" name="userLockOutTest" duration-ms="29563" started-at="2017-04-18T16:48:10Z" finished-at="2017-04-18T16:48:39Z">
          <reporter-output>
          </reporter-output>
        </test-method> <!-- userLockOutTest -->
      </class> <!-- com.bridge.security.UserLockOutTest -->
      <class name="com.bridge.security.PasswordReflectionTest">
        <test-method status="PASS" signature="beforeTest(java.lang.String)[pri:0, instance:com.bridge.security.PasswordReflectionTest@cb644e]" name="beforeTest" is-config="true" duration-ms="43253" started-at="2017-04-18T16:46:19Z" finished-at="2017-04-18T16:47:02Z">
          <params>
            <param index="0">
              <value>
                <![CDATA[http://10.162.106.174/TransSpec2016010414/]]>
              </value>
            </param>
          </params>
          <reporter-output>
          </reporter-output>
        </test-method> <!-- beforeTest -->
        <test-method status="PASS" signature="beforeUserLockOutTest()[pri:0, instance:com.bridge.security.UserLockOutTest@5cb9f472]" name="beforeUserLockOutTest" is-config="true" duration-ms="67486" started-at="2017-04-18T16:47:02Z" finished-at="2017-04-18T16:48:09Z">
          <reporter-output>
          </reporter-output>
        </test-method> <!-- beforeUserLockOutTest -->
        <test-method status="FAIL" signature="passwordReflectionTest()[pri:0, instance:com.bridge.security.PasswordReflectionTest@cb644e]" name="passwordReflectionTest" duration-ms="110636" started-at="2017-04-18T16:48:39Z" finished-at="2017-04-18T16:50:30Z">
          <exception class="org.openqa.selenium.NoSuchElementException">
            <message>
              <![CDATA[Unable to find element with id == errorsLabel (WARNING: The server did not provide any stacktrace information)
Command duration or timeout: 367 milliseconds
For documentation on this error, please visit: http://seleniumhq.org/exceptions/no_such_element.html
Build info: version: '2.53.0', revision: '35ae25b', time: '2016-03-15 17:00:58'
System info: host: 'WIN7DX64-02644', ip: '10.171.200.118', os.name: 'Windows 7', os.arch: 'amd64', os.version: '6.1', java.version: '1.8.0_101'
Driver info: org.openqa.selenium.ie.InternetExplorerDriver
Capabilities [{browserAttachTimeout=0, ie.enableFullPageScreenshot=true, enablePersistentHover=true, ie.forceCreateProcessApi=false, ie.forceShellWindowsApi=false, pageLoadStrategy=normal, ignoreZoomSetting=false, ie.fileUploadDialogTimeout=3000, version=11, platform=WINDOWS, proxy={proxyType=}, nativeEvents=true, ie.ensureCleanSession=false, elementScrollBehavior=0, ie.browserCommandLineSwitches=, requireWindowFocus=false, browserName=internet explorer, initialBrowserUrl=http://localhost:42738/, javascriptEnabled=true, ignoreProtectedModeSettings=false, enableElementCacheCleanup=true, unexpectedAlertBehaviour=dismiss}]
Session ID: 84b96748-9b93-4722-aaf2-562161f812c7
*** Element info: {Using=id, value=errorsLabel}]]>
            </message>
            <full-stacktrace>
              <![CDATA[org.openqa.selenium.NoSuchElementException: Unable to find element with id == errorsLabel (WARNING: The server did not provide any stacktrace information)
Command duration or timeout: 367 milliseconds
For documentation on this error, please visit: http://seleniumhq.org/exceptions/no_such_element.html
Build info: version: '2.53.0', revision: '35ae25b', time: '2016-03-15 17:00:58'
System info: host: 'WIN7DX64-02644', ip: '10.171.200.118', os.name: 'Windows 7', os.arch: 'amd64', os.version: '6.1', java.version: '1.8.0_101'
Driver info: org.openqa.selenium.ie.InternetExplorerDriver
Capabilities [{browserAttachTimeout=0, ie.enableFullPageScreenshot=true, enablePersistentHover=true, ie.forceCreateProcessApi=false, ie.forceShellWindowsApi=false, pageLoadStrategy=normal, ignoreZoomSetting=false, ie.fileUploadDialogTimeout=3000, version=11, platform=WINDOWS, proxy={proxyType=}, nativeEvents=true, ie.ensureCleanSession=false, elementScrollBehavior=0, ie.browserCommandLineSwitches=, requireWindowFocus=false, browserName=internet explorer, initialBrowserUrl=http://localhost:42738/, javascriptEnabled=true, ignoreProtectedModeSettings=false, enableElementCacheCleanup=true, unexpectedAlertBehaviour=dismiss}]
Session ID: 84b96748-9b93-4722-aaf2-562161f812c7
*** Element info: {Using=id, value=errorsLabel}
	at sun.reflect.NativeConstructorAccessorImpl.newInstance0(Native Method)
	at sun.reflect.NativeConstructorAccessorImpl.newInstance(Unknown Source)
	at sun.reflect.DelegatingConstructorAccessorImpl.newInstance(Unknown Source)
	at java.lang.reflect.Constructor.newInstance(Unknown Source)
	at org.openqa.selenium.remote.ErrorHandler.createThrowable(ErrorHandler.java:206)
	at org.openqa.selenium.remote.ErrorHandler.throwIfResponseFailed(ErrorHandler.java:158)
	at org.openqa.selenium.remote.RemoteWebDriver.execute(RemoteWebDriver.java:678)
	at org.openqa.selenium.remote.RemoteWebDriver.findElement(RemoteWebDriver.java:363)
	at org.openqa.selenium.remote.RemoteWebDriver.findElementById(RemoteWebDriver.java:413)
	at org.openqa.selenium.By$ById.findElement(By.java:218)
	at org.openqa.selenium.remote.RemoteWebDriver.findElement(RemoteWebDriver.java:355)
	at com.pageObjects.CapribedsideLoginPage.errMsgNoPrivilegeToAccessBridgeMedical(CapribedsideLoginPage.java:41)
	at com.bridge.security.PasswordReflectionTest.passwordReflectionTest(PasswordReflectionTest.java:106)
	at sun.reflect.NativeMethodAccessorImpl.invoke0(Native Method)
	at sun.reflect.NativeMethodAccessorImpl.invoke(Unknown Source)
	at sun.reflect.DelegatingMethodAccessorImpl.invoke(Unknown Source)
	at java.lang.reflect.Method.invoke(Unknown Source)
	at org.testng.internal.MethodInvocationHelper.invokeMethod(MethodInvocationHelper.java:85)
	at org.testng.internal.Invoker.invokeMethod(Invoker.java:639)
	at org.testng.internal.Invoker.invokeTestMethod(Invoker.java:816)
	at org.testng.internal.Invoker.invokeTestMethods(Invoker.java:1124)
	at org.testng.internal.TestMethodWorker.invokeTestMethods(TestMethodWorker.java:125)
	at org.testng.internal.TestMethodWorker.run(TestMethodWorker.java:108)
	at org.testng.TestRunner.privateRun(TestRunner.java:774)
	at org.testng.TestRunner.run(TestRunner.java:624)
	at org.testng.SuiteRunner.runTest(SuiteRunner.java:359)
	at org.testng.SuiteRunner.runSequentially(SuiteRunner.java:354)
	at org.testng.SuiteRunner.privateRun(SuiteRunner.java:312)
	at org.testng.SuiteRunner.run(SuiteRunner.java:261)
	at org.testng.SuiteRunnerWorker.runSuite(SuiteRunnerWorker.java:52)
	at org.testng.SuiteRunnerWorker.run(SuiteRunnerWorker.java:86)
	at org.testng.TestNG.runSuitesSequentially(TestNG.java:1215)
	at org.testng.TestNG.runSuitesLocally(TestNG.java:1140)
	at org.testng.TestNG.run(TestNG.java:1048)
	at org.testng.remote.AbstractRemoteTestNG.run(AbstractRemoteTestNG.java:132)
	at org.testng.remote.RemoteTestNG.initAndRun(RemoteTestNG.java:236)
	at org.testng.remote.RemoteTestNG.main(RemoteTestNG.java:81)
]]>
            </full-stacktrace>
          </exception> <!-- org.openqa.selenium.NoSuchElementException -->
          <reporter-output>
          </reporter-output>
        </test-method> <!-- passwordReflectionTest -->
        <test-method status="PASS" signature="afterMethod()[pri:0, instance:com.bridge.security.PasswordReflectionTest@cb644e]" name="afterMethod" is-config="true" duration-ms="1309" started-at="2017-04-18T16:54:17Z" finished-at="2017-04-18T16:54:18Z">
          <reporter-output>
          </reporter-output>
        </test-method> <!-- afterMethod -->
        <test-method status="PASS" signature="afterUserLockOutTest()[pri:0, instance:com.bridge.security.UserLockOutTest@5cb9f472]" name="afterUserLockOutTest" is-config="true" duration-ms="26601" started-at="2017-04-18T16:54:18Z" finished-at="2017-04-18T16:54:44Z">
          <reporter-output>
          </reporter-output>
        </test-method> <!-- afterUserLockOutTest -->
      </class> <!-- com.bridge.security.PasswordReflectionTest -->
    </test> <!-- Test -->
  </suite> <!-- Security_Suite -->
</testng-results>
