<?xml version="1.0" encoding="UTF-8"?>
<!-- Generated by org.testng.reporters.JUnitXMLReporter -->
<testsuite hostname="WIN7DX64-02644" name="Test" tests="4" failures="2" timestamp="18 Apr 2017 11:24:45 GMT" time="505.776" errors="0">
  <testcase name="userLockOutTest" time="29.563" classname="com.bridge.security.UserLockOutTest"/>
  <testcase name="passwordReflectionTest" time="110.636" classname="com.bridge.security.PasswordReflectionTest">
    <failure type="org.openqa.selenium.NoSuchElementException" message="Unable to find element with id == errorsLabel (WARNING: The server did not provide any stacktrace information)
Command duration or timeout: 367 milliseconds
For documentation on this error, please visit: http://seleniumhq.org/exceptions/no_such_element.html
Build info: version: &amp;apos;2.53.0&amp;apos;, revision: &amp;apos;35ae25b&amp;apos;, time: &amp;apos;2016-03-15 17:00:58&amp;apos;
System info: host: &amp;apos;WIN7DX64-02644&amp;apos;, ip: &amp;apos;10.171.200.118&amp;apos;, os.name: &amp;apos;Windows 7&amp;apos;, os.arch: &amp;apos;amd64&amp;apos;, os.version: &amp;apos;6.1&amp;apos;, java.version: &amp;apos;1.8.0_101&amp;apos;
Driver info: org.openqa.selenium.ie.InternetExplorerDriver
Capabilities [{browserAttachTimeout=0, ie.enableFullPageScreenshot=true, enablePersistentHover=true, ie.forceCreateProcessApi=false, ie.forceShellWindowsApi=false, pageLoadStrategy=normal, ignoreZoomSetting=false, ie.fileUploadDialogTimeout=3000, version=11, platform=WINDOWS, proxy={proxyType=}, nativeEvents=true, ie.ensureCleanSession=false, elementScrollBehavior=0, ie.browserCommandLineSwitches=, requireWindowFocus=false, browserName=internet explorer, initialBrowserUrl=http://localhost:42738/, javascriptEnabled=true, ignoreProtectedModeSettings=false, enableElementCacheCleanup=true, unexpectedAlertBehaviour=dismiss}]
Session ID: 84b96748-9b93-4722-aaf2-562161f812c7
*** Element info: {Using=id, value=errorsLabel}">
      <![CDATA[org.openqa.selenium.NoSuchElementException: Unable to find element with id == errorsLabel (WARNING: The server did not provide any stacktrace information)
Command duration or timeout: 367 milliseconds
For documentation on this error, please visit: http://seleniumhq.org/exceptions/no_such_element.html
Build info: version: '2.53.0', revision: '35ae25b', time: '2016-03-15 17:00:58'
System info: host: 'WIN7DX64-02644', ip: '10.171.200.118', os.name: 'Windows 7', os.arch: 'amd64', os.version: '6.1', java.version: '1.8.0_101'
Driver info: org.openqa.selenium.ie.InternetExplorerDriver
Capabilities [{browserAttachTimeout=0, ie.enableFullPageScreenshot=true, enablePersistentHover=true, ie.forceCreateProcessApi=false, ie.forceShellWindowsApi=false, pageLoadStrategy=normal, ignoreZoomSetting=false, ie.fileUploadDialogTimeout=3000, version=11, platform=WINDOWS, proxy={proxyType=}, nativeEvents=true, ie.ensureCleanSession=false, elementScrollBehavior=0, ie.browserCommandLineSwitches=, requireWindowFocus=false, browserName=internet explorer, initialBrowserUrl=http://localhost:42738/, javascriptEnabled=true, ignoreProtectedModeSettings=false, enableElementCacheCleanup=true, unexpectedAlertBehaviour=dismiss}]
Session ID: 84b96748-9b93-4722-aaf2-562161f812c7
*** Element info: {Using=id, value=errorsLabel}
	at org.openqa.selenium.remote.ErrorHandler.createThrowable(ErrorHandler.java:206)
	at org.openqa.selenium.remote.ErrorHandler.throwIfResponseFailed(ErrorHandler.java:158)
	at org.openqa.selenium.remote.RemoteWebDriver.execute(RemoteWebDriver.java:678)
	at org.openqa.selenium.remote.RemoteWebDriver.findElement(RemoteWebDriver.java:363)
	at org.openqa.selenium.remote.RemoteWebDriver.findElementById(RemoteWebDriver.java:413)
	at org.openqa.selenium.By$ById.findElement(By.java:218)
	at org.openqa.selenium.remote.RemoteWebDriver.findElement(RemoteWebDriver.java:355)
	at com.pageObjects.CapribedsideLoginPage.errMsgNoPrivilegeToAccessBridgeMedical(CapribedsideLoginPage.java:41)
	at com.bridge.security.PasswordReflectionTest.passwordReflectionTest(PasswordReflectionTest.java:106)
... Removed 28 stack frames]]>
    </failure>
  </testcase> <!-- passwordReflectionTest -->
  <testcase name="passwordRuleTest" time="111.254" classname="com.bridge.security.PasswordRulesTest"/>
  <testcase name="AfterLogOut" time="35.745" classname="com.bridge.security.AfterLogOutTest">
    <failure type="java.lang.AssertionError" message="

The Below URL is not redirecting to login page:
http://10.162.106.174/TransSpec2016010414/capribedside/transfusions/CollectVitals.aspx?ProcessType=StartTransfusion

 expected [http://10.162.106.174/TransSpec2016010414/CapriBedside/Login.aspx] but found [http://10.162.106.174/TransSpec2016010414/capribedside/transfusions/CollectVitals.aspx?ProcessType=StartTransfusion]">
      <![CDATA[java.lang.AssertionError: 

The Below URL is not redirecting to login page:
http://10.162.106.174/TransSpec2016010414/capribedside/transfusions/CollectVitals.aspx?ProcessType=StartTransfusion

 expected [http://10.162.106.174/TransSpec2016010414/CapriBedside/Login.aspx] but found [http://10.162.106.174/TransSpec2016010414/capribedside/transfusions/CollectVitals.aspx?ProcessType=StartTransfusion]
	at com.bridge.security.AfterLogOutTest.AfterLogOut(AfterLogOutTest.java:78)
... Removed 28 stack frames]]>
    </failure>
  </testcase> <!-- AfterLogOut -->
</testsuite> <!-- Test -->
